[M::ha_analyze_count] lowest: count[6] = 97349
[M::ha_analyze_count] highest: count[25] = 14915634
[M::ha_hist_line]     2: ************ 1854033
[M::ha_hist_line]     3: ** 340336
[M::ha_hist_line]     4: * 154878
[M::ha_hist_line]     5: * 104139
[M::ha_hist_line]     6: * 97349
[M::ha_hist_line]     7: * 112129
[M::ha_hist_line]     8: * 133384
[M::ha_hist_line]     9: * 203370
[M::ha_hist_line]    10: ** 325447
[M::ha_hist_line]    11: **** 529305
[M::ha_hist_line]    12: ****** 855323
[M::ha_hist_line]    13: ********* 1316124
[M::ha_hist_line]    14: ************** 2015884
[M::ha_hist_line]    15: ******************* 2904554
[M::ha_hist_line]    16: *************************** 4055723
[M::ha_hist_line]    17: ************************************* 5518279
[M::ha_hist_line]    18: ************************************************ 7149614
[M::ha_hist_line]    19: *********************************************************** 8833254
[M::ha_hist_line]    20: ********************************************************************** 10495150
[M::ha_hist_line]    21: ********************************************************************************* 12136497
[M::ha_hist_line]    22: ****************************************************************************************** 13494525
[M::ha_hist_line]    23: ************************************************************************************************* 14401583
[M::ha_hist_line]    24: *************************************************************************************************** 14824257
[M::ha_hist_line]    25: **************************************************************************************************** 14915634
[M::ha_hist_line]    26: ************************************************************************************************* 14463974
[M::ha_hist_line]    27: ******************************************************************************************* 13591810
[M::ha_hist_line]    28: *********************************************************************************** 12443854
[M::ha_hist_line]    29: ************************************************************************** 11063153
[M::ha_hist_line]    30: ***************************************************************** 9655542
[M::ha_hist_line]    31: ******************************************************* 8189288
[M::ha_hist_line]    32: ********************************************** 6792416
[M::ha_hist_line]    33: ************************************* 5584204
[M::ha_hist_line]    34: ******************************* 4564265
[M::ha_hist_line]    35: ************************* 3750326
[M::ha_hist_line]    36: ********************* 3153163
[M::ha_hist_line]    37: ****************** 2719129
[M::ha_hist_line]    38: ***************** 2474444
[M::ha_hist_line]    39: **************** 2360827
[M::ha_hist_line]    40: **************** 2405006
[M::ha_hist_line]    41: ***************** 2556951
[M::ha_hist_line]    42: ****************** 2740827
[M::ha_hist_line]    43: ******************** 2943320
[M::ha_hist_line]    44: ********************** 3215510
[M::ha_hist_line]    45: *********************** 3498057
[M::ha_hist_line]    46: ************************* 3707062
[M::ha_hist_line]    47: ************************** 3932621
[M::ha_hist_line]    48: *************************** 4092774
[M::ha_hist_line]    49: ***************************** 4251253
[M::ha_hist_line]    50: ***************************** 4313020
[M::ha_hist_line]    51: ***************************** 4306853
[M::ha_hist_line]    52: **************************** 4223038
[M::ha_hist_line]    53: *************************** 4101582
[M::ha_hist_line]    54: ************************** 3906486
[M::ha_hist_line]    55: ************************* 3679709
[M::ha_hist_line]    56: *********************** 3431538
[M::ha_hist_line]    57: ********************* 3169970
[M::ha_hist_line]    58: ******************* 2854658
[M::ha_hist_line]    59: ***************** 2572901
[M::ha_hist_line]    60: *************** 2271204
[M::ha_hist_line]    61: ************* 1979752
[M::ha_hist_line]    62: *********** 1700619
[M::ha_hist_line]    63: ********** 1457541
[M::ha_hist_line]    64: ******** 1219363
[M::ha_hist_line]    65: ******* 1027819
[M::ha_hist_line]    66: ****** 836814
[M::ha_hist_line]    67: ***** 687801
[M::ha_hist_line]    68: **** 569270
[M::ha_hist_line]    69: *** 467431
[M::ha_hist_line]    70: *** 391383
[M::ha_hist_line]    71: ** 316247
[M::ha_hist_line]    72: ** 264306
[M::ha_hist_line]    73: * 218354
[M::ha_hist_line]    74: * 186491
[M::ha_hist_line]    75: * 158151
[M::ha_hist_line]    76: * 138223
[M::ha_hist_line]    77: * 120265
[M::ha_hist_line]    78: * 107587
[M::ha_hist_line]    79: * 98146
[M::ha_hist_line]    80: * 88771
[M::ha_hist_line]    81: * 81235
[M::ha_hist_line]    82: * 75875
[M::ha_hist_line]  rest: ***************************** 4311405
[M::ha_analyze_count] left: none
[M::ha_analyze_count] right: count[50] = 4313020
[M::ha_ft_gen] peak_hom: 50; peak_het: 25
[M::ha_ct_shrink::299.262*4.48] ==> counted 1296324 distinct minimizer k-mers
[M::ha_ft_gen::299.859*4.47@20.819GB] ==> filtered out 1296324 k-mers occurring 250 or more times
[M::ha_opt_update_cov] updated max_n_chain to 250
[M::yak_count] collected 452827634 minimizers
[M::ha_pt_gen::588.566*3.58] ==> counted 20758202 distinct minimizer k-mers
[M::ha_pt_gen] count[4095] = 0 (for sanity check)
[M::ha_analyze_count] lowest: count[7] = 9205
[M::ha_analyze_count] highest: count[24] = 662165
[M::ha_hist_line]     1: ****************************************************************************************************> 7455110
[M::ha_hist_line]     2: ***************************** 189374
[M::ha_hist_line]     3: ****** 40129
[M::ha_hist_line]     4: *** 17603
[M::ha_hist_line]     5: ** 11691
[M::ha_hist_line]     6: * 9653
[M::ha_hist_line]     7: * 9205
[M::ha_hist_line]     8: ** 10014
[M::ha_hist_line]     9: ** 13299
[M::ha_hist_line]    10: *** 18982
[M::ha_hist_line]    11: **** 28623
[M::ha_hist_line]    12: ******* 44208
[M::ha_hist_line]    13: ********** 66451
[M::ha_hist_line]    14: *************** 99482
[M::ha_hist_line]    15: ********************* 141043
[M::ha_hist_line]    16: ***************************** 194522
[M::ha_hist_line]    17: *************************************** 260978
[M::ha_hist_line]    18: *************************************************** 334928
[M::ha_hist_line]    19: ************************************************************** 410377
[M::ha_hist_line]    20: ************************************************************************* 485225
[M::ha_hist_line]    21: ************************************************************************************ 555049
[M::ha_hist_line]    22: ******************************************************************************************** 612199
[M::ha_hist_line]    23: ************************************************************************************************** 648665
[M::ha_hist_line]    24: **************************************************************************************************** 662165
[M::ha_hist_line]    25: **************************************************************************************************** 661165
[M::ha_hist_line]    26: ************************************************************************************************ 637113
[M::ha_hist_line]    27: ****************************************************************************************** 592668
[M::ha_hist_line]    28: ********************************************************************************** 541610
[M::ha_hist_line]    29: ************************************************************************ 477757
[M::ha_hist_line]    30: *************************************************************** 414519
[M::ha_hist_line]    31: ***************************************************** 348107
[M::ha_hist_line]    32: ******************************************* 287575
[M::ha_hist_line]    33: ************************************ 235111
[M::ha_hist_line]    34: ***************************** 190900
[M::ha_hist_line]    35: ************************ 155936
[M::ha_hist_line]    36: ******************** 130151
[M::ha_hist_line]    37: ***************** 112215
[M::ha_hist_line]    38: *************** 101360
[M::ha_hist_line]    39: *************** 96183
[M::ha_hist_line]    40: *************** 97132
[M::ha_hist_line]    41: **************** 102676
[M::ha_hist_line]    42: **************** 108635
[M::ha_hist_line]    43: ****************** 115929
[M::ha_hist_line]    44: ******************* 126593
[M::ha_hist_line]    45: ********************* 136384
[M::ha_hist_line]    46: ********************** 143115
[M::ha_hist_line]    47: *********************** 150578
[M::ha_hist_line]    48: ************************ 156820
[M::ha_hist_line]    49: ************************ 161317
[M::ha_hist_line]    50: ************************* 162647
[M::ha_hist_line]    51: ************************ 162121
[M::ha_hist_line]    52: ************************ 157732
[M::ha_hist_line]    53: *********************** 151602
[M::ha_hist_line]    54: ********************** 144565
[M::ha_hist_line]    55: ******************** 135513
[M::ha_hist_line]    56: ******************* 125575
[M::ha_hist_line]    57: ***************** 115718
[M::ha_hist_line]    58: **************** 103894
[M::ha_hist_line]    59: ************** 93298
[M::ha_hist_line]    60: ************ 82128
[M::ha_hist_line]    61: *********** 71158
[M::ha_hist_line]    62: ********* 61684
[M::ha_hist_line]    63: ******** 52537
[M::ha_hist_line]    64: ******* 43782
[M::ha_hist_line]    65: ****** 37383
[M::ha_hist_line]    66: ***** 31036
[M::ha_hist_line]    67: **** 26024
[M::ha_hist_line]    68: *** 21680
[M::ha_hist_line]    69: *** 18270
[M::ha_hist_line]    70: ** 15759
[M::ha_hist_line]    71: ** 13176
[M::ha_hist_line]    72: ** 11438
[M::ha_hist_line]    73: * 9784
[M::ha_hist_line]    74: * 8706
[M::ha_hist_line]    75: * 7711
[M::ha_hist_line]    76: * 7129
[M::ha_hist_line]    77: * 6444
[M::ha_hist_line]    78: * 6051
[M::ha_hist_line]    79: * 5590
[M::ha_hist_line]    80: * 5342
[M::ha_hist_line]    81: * 4953
[M::ha_hist_line]    82: * 4674
[M::ha_hist_line]    83: * 4572
[M::ha_hist_line]    84: * 4315
[M::ha_hist_line]    85: * 4145
[M::ha_hist_line]    86: * 3988
[M::ha_hist_line]    87: * 3680
[M::ha_hist_line]    88: * 3575
[M::ha_hist_line]    89: * 3585
[M::ha_hist_line]    90: * 3388
[M::ha_hist_line]  rest: ********************************* 221326
[M::ha_analyze_count] left: none
[M::ha_analyze_count] right: count[50] = 162647
[M::ha_pt_gen] peak_hom: 50; peak_het: 24
[M::ha_ct_shrink::590.420*3.57] ==> counted 13303092 distinct minimizer k-mers
[M::ha_pt_gen::] counting in normal mode
[M::yak_count] collected 452827634 minimizers
[M::ha_pt_gen::623.327*4.42] ==> indexed 445372524 positions, counted 13303092 distinct minimizer k-mers
[M::ha_assemble::1451.624*18.91@20.819GB] ==> corrected reads for round 1
[M::ha_assemble] # bases: 16599480633; # corrected bases: 28783612; # recorrected bases: 43862
[M::ha_assemble] size of buffer: 1.213GB
[M::yak_count] collected 451883840 minimizers
[M::ha_pt_gen::1480.156*18.95] ==> counted 13793980 distinct minimizer k-mers
[M::ha_pt_gen] count[4095] = 0 (for sanity check)
[M::ha_analyze_count] lowest: count[6] = 6340
[M::ha_analyze_count] highest: count[25] = 660369
[M::ha_hist_line]     1: ****************************************************************************************************> 714153
[M::ha_hist_line]     2: **** 23405
[M::ha_hist_line]     3: ** 10037
[M::ha_hist_line]     4: * 7412
[M::ha_hist_line]     5: * 6505
[M::ha_hist_line]     6: * 6340
[M::ha_hist_line]     7: * 7404
[M::ha_hist_line]     8: * 8090
[M::ha_hist_line]     9: ** 11086
[M::ha_hist_line]    10: *** 16642
[M::ha_hist_line]    11: **** 25066
[M::ha_hist_line]    12: ****** 38033
[M::ha_hist_line]    13: ********* 58947
[M::ha_hist_line]    14: ************* 88715
[M::ha_hist_line]    15: ******************* 125402
[M::ha_hist_line]    16: *************************** 176358
[M::ha_hist_line]    17: ************************************ 237367
[M::ha_hist_line]    18: *********************************************** 308219
[M::ha_hist_line]    19: ********************************************************** 383066
[M::ha_hist_line]    20: ********************************************************************* 456319
[M::ha_hist_line]    21: ******************************************************************************** 527377
[M::ha_hist_line]    22: ***************************************************************************************** 590608
[M::ha_hist_line]    23: ************************************************************************************************ 632681
[M::ha_hist_line]    24: *************************************************************************************************** 651857
[M::ha_hist_line]    25: **************************************************************************************************** 660369
[M::ha_hist_line]    26: ************************************************************************************************** 644908
[M::ha_hist_line]    27: ******************************************************************************************** 605787
[M::ha_hist_line]    28: ************************************************************************************* 559258
[M::ha_hist_line]    29: **************************************************************************** 499229
[M::ha_hist_line]    30: ****************************************************************** 437673
[M::ha_hist_line]    31: ******************************************************** 372576
[M::ha_hist_line]    32: *********************************************** 308930
[M::ha_hist_line]    33: *************************************** 254464
[M::ha_hist_line]    34: ******************************* 207009
[M::ha_hist_line]    35: ************************** 168556
[M::ha_hist_line]    36: ********************* 139232
[M::ha_hist_line]    37: ****************** 116947
[M::ha_hist_line]    38: **************** 103261
[M::ha_hist_line]    39: ************** 94676
[M::ha_hist_line]    40: ************** 92757
[M::ha_hist_line]    41: *************** 97647
[M::ha_hist_line]    42: **************** 103127
[M::ha_hist_line]    43: ***************** 109175
[M::ha_hist_line]    44: ****************** 117904
[M::ha_hist_line]    45: ******************* 128514
[M::ha_hist_line]    46: ********************* 136412
[M::ha_hist_line]    47: ********************** 144976
[M::ha_hist_line]    48: *********************** 151130
[M::ha_hist_line]    49: ************************ 157180
[M::ha_hist_line]    50: ************************ 161042
[M::ha_hist_line]    51: ************************ 161725
[M::ha_hist_line]    52: ************************ 159703
[M::ha_hist_line]    53: ************************ 155419
[M::ha_hist_line]    54: ********************** 148268
[M::ha_hist_line]    55: ********************* 141096
[M::ha_hist_line]    56: ******************** 131560
[M::ha_hist_line]    57: ******************* 123406
[M::ha_hist_line]    58: ***************** 112131
[M::ha_hist_line]    59: *************** 100896
[M::ha_hist_line]    60: ************** 90243
[M::ha_hist_line]    61: ************ 78487
[M::ha_hist_line]    62: ********** 68462
[M::ha_hist_line]    63: ********* 59651
[M::ha_hist_line]    64: ******** 50453
[M::ha_hist_line]    65: ******* 43076
[M::ha_hist_line]    66: ***** 35352
[M::ha_hist_line]    67: ***** 29836
[M::ha_hist_line]    68: **** 25087
[M::ha_hist_line]    69: *** 20778
[M::ha_hist_line]    70: *** 17831
[M::ha_hist_line]    71: ** 15034
[M::ha_hist_line]    72: ** 12750
[M::ha_hist_line]    73: ** 10953
[M::ha_hist_line]    74: * 9447
[M::ha_hist_line]    75: * 8600
[M::ha_hist_line]    76: * 7575
[M::ha_hist_line]    77: * 6918
[M::ha_hist_line]    78: * 6387
[M::ha_hist_line]    79: * 6026
[M::ha_hist_line]    80: * 5401
[M::ha_hist_line]    81: * 5136
[M::ha_hist_line]    82: * 4869
[M::ha_hist_line]    83: * 4958
[M::ha_hist_line]    84: * 4470
[M::ha_hist_line]    85: * 4218
[M::ha_hist_line]    86: * 3990
[M::ha_hist_line]    87: * 3888
[M::ha_hist_line]    88: * 3707
[M::ha_hist_line]    89: * 3569
[M::ha_hist_line]    90: * 3543
[M::ha_hist_line]    91: * 3468
[M::ha_hist_line]  rest: ********************************** 221785
[M::ha_analyze_count] left: none
[M::ha_analyze_count] right: count[51] = 161725
[M::ha_pt_gen] peak_hom: 51; peak_het: 25
[M::ha_ct_shrink::1481.443*18.94] ==> counted 13079827 distinct minimizer k-mers
[M::ha_pt_gen::] counting in normal mode
[M::yak_count] collected 451883840 minimizers
[M::ha_pt_gen::1511.175*18.98] ==> indexed 451169687 positions, counted 13079827 distinct minimizer k-mers
[M::ha_assemble::2239.198*22.52@20.819GB] ==> corrected reads for round 2
[M::ha_assemble] # bases: 16593445820; # corrected bases: 734871; # recorrected bases: 11486
[M::ha_assemble] size of buffer: 1.033GB
[M::yak_count] collected 451836459 minimizers
[M::ha_pt_gen::2269.872*22.47] ==> counted 13692980 distinct minimizer k-mers
[M::ha_pt_gen] count[4095] = 0 (for sanity check)
[M::ha_analyze_count] lowest: count[5] = 6047
[M::ha_analyze_count] highest: count[25] = 660102
[M::ha_hist_line]     1: ********************************************************************************************** 618626
[M::ha_hist_line]     2: *** 20118
[M::ha_hist_line]     3: * 9569
[M::ha_hist_line]     4: * 6817
[M::ha_hist_line]     5: * 6047
[M::ha_hist_line]     6: * 6198
[M::ha_hist_line]     7: * 7141
[M::ha_hist_line]     8: * 8103
[M::ha_hist_line]     9: ** 11043
[M::ha_hist_line]    10: ** 16456
[M::ha_hist_line]    11: **** 25084
[M::ha_hist_line]    12: ****** 38104
[M::ha_hist_line]    13: ********* 58856
[M::ha_hist_line]    14: ************* 88421
[M::ha_hist_line]    15: ******************* 125502
[M::ha_hist_line]    16: *************************** 176149
[M::ha_hist_line]    17: ************************************ 236854
[M::ha_hist_line]    18: *********************************************** 307996
[M::ha_hist_line]    19: ********************************************************** 382815
[M::ha_hist_line]    20: ********************************************************************* 455959
[M::ha_hist_line]    21: ******************************************************************************** 526858
[M::ha_hist_line]    22: ***************************************************************************************** 590596
[M::ha_hist_line]    23: ************************************************************************************************ 632314
[M::ha_hist_line]    24: *************************************************************************************************** 651830
[M::ha_hist_line]    25: **************************************************************************************************** 660102
[M::ha_hist_line]    26: ************************************************************************************************** 645076
[M::ha_hist_line]    27: ******************************************************************************************** 606202
[M::ha_hist_line]    28: ************************************************************************************* 559386
[M::ha_hist_line]    29: **************************************************************************** 499159
[M::ha_hist_line]    30: ****************************************************************** 438003
[M::ha_hist_line]    31: ******************************************************** 372821
[M::ha_hist_line]    32: *********************************************** 309187
[M::ha_hist_line]    33: *************************************** 254734
[M::ha_hist_line]    34: ******************************* 207088
[M::ha_hist_line]    35: ************************** 168844
[M::ha_hist_line]    36: ********************* 139179
[M::ha_hist_line]    37: ****************** 117057
[M::ha_hist_line]    38: **************** 103369
[M::ha_hist_line]    39: ************** 94644
[M::ha_hist_line]    40: ************** 92798
[M::ha_hist_line]    41: *************** 97465
[M::ha_hist_line]    42: **************** 103212
[M::ha_hist_line]    43: ***************** 109173
[M::ha_hist_line]    44: ****************** 117756
[M::ha_hist_line]    45: ******************* 128536
[M::ha_hist_line]    46: ********************* 136443
[M::ha_hist_line]    47: ********************** 144873
[M::ha_hist_line]    48: *********************** 151031
[M::ha_hist_line]    49: ************************ 157150
[M::ha_hist_line]    50: ************************ 160733
[M::ha_hist_line]    51: ************************* 161773
[M::ha_hist_line]    52: ************************ 159642
[M::ha_hist_line]    53: ************************ 155419
[M::ha_hist_line]    54: ********************** 148364
[M::ha_hist_line]    55: ********************* 141346
[M::ha_hist_line]    56: ******************** 131555
[M::ha_hist_line]    57: ******************* 123557
[M::ha_hist_line]    58: ***************** 112113
[M::ha_hist_line]    59: *************** 101057
[M::ha_hist_line]    60: ************** 90398
[M::ha_hist_line]    61: ************ 78651
[M::ha_hist_line]    62: ********** 68584
[M::ha_hist_line]    63: ********* 59739
[M::ha_hist_line]    64: ******** 50495
[M::ha_hist_line]    65: ******* 43049
[M::ha_hist_line]    66: ***** 35380
[M::ha_hist_line]    67: ***** 29902
[M::ha_hist_line]    68: **** 25144
[M::ha_hist_line]    69: *** 20744
[M::ha_hist_line]    70: *** 17833
[M::ha_hist_line]    71: ** 15074
[M::ha_hist_line]    72: ** 12835
[M::ha_hist_line]    73: ** 10871
[M::ha_hist_line]    74: * 9548
[M::ha_hist_line]    75: * 8601
[M::ha_hist_line]    76: * 7566
[M::ha_hist_line]    77: * 6929
[M::ha_hist_line]    78: * 6357
[M::ha_hist_line]    79: * 5994
[M::ha_hist_line]    80: * 5471
[M::ha_hist_line]    81: * 5133
[M::ha_hist_line]    82: * 4852
[M::ha_hist_line]    83: * 4975
[M::ha_hist_line]    84: * 4502
[M::ha_hist_line]    85: * 4218
[M::ha_hist_line]    86: * 3974
[M::ha_hist_line]    87: * 3941
[M::ha_hist_line]    88: * 3629
[M::ha_hist_line]    89: * 3571
[M::ha_hist_line]    90: * 3503
[M::ha_hist_line]    91: * 3508
[M::ha_hist_line]  rest: ********************************** 221706
[M::ha_analyze_count] left: none
[M::ha_analyze_count] right: count[51] = 161773
[M::ha_pt_gen] peak_hom: 51; peak_het: 25
[M::ha_ct_shrink::2270.895*22.46] ==> counted 13074354 distinct minimizer k-mers
[M::ha_pt_gen::] counting in normal mode
[M::yak_count] collected 451836459 minimizers
[M::ha_pt_gen::2302.242*22.43] ==> indexed 451217833 positions, counted 13074354 distinct minimizer k-mers
[M::ha_assemble::3032.729*24.22@20.819GB] ==> corrected reads for round 3
[M::ha_assemble] # bases: 16593147518; # corrected bases: 128252; # recorrected bases: 6457
[M::ha_assemble] size of buffer: 1.024GB
[M::yak_count] collected 451826628 minimizers
[M::ha_pt_gen::3063.516*24.17] ==> counted 13678221 distinct minimizer k-mers
[M::ha_pt_gen] count[4095] = 0 (for sanity check)
[M::ha_analyze_count] lowest: count[5] = 6028
[M::ha_analyze_count] highest: count[25] = 660040
[M::ha_hist_line]     1: ******************************************************************************************** 604914
[M::ha_hist_line]     2: *** 19685
[M::ha_hist_line]     3: * 9321
[M::ha_hist_line]     4: * 6722
[M::ha_hist_line]     5: * 6028
[M::ha_hist_line]     6: * 6128
[M::ha_hist_line]     7: * 7084
[M::ha_hist_line]     8: * 8105
[M::ha_hist_line]     9: ** 11014
[M::ha_hist_line]    10: ** 16505
[M::ha_hist_line]    11: **** 25085
[M::ha_hist_line]    12: ****** 38029
[M::ha_hist_line]    13: ********* 58815
[M::ha_hist_line]    14: ************* 88432
[M::ha_hist_line]    15: ******************* 125446
[M::ha_hist_line]    16: *************************** 176148
[M::ha_hist_line]    17: ************************************ 236829
[M::ha_hist_line]    18: *********************************************** 307968
[M::ha_hist_line]    19: ********************************************************** 382760
[M::ha_hist_line]    20: ********************************************************************* 455872
[M::ha_hist_line]    21: ******************************************************************************** 526898
[M::ha_hist_line]    22: ***************************************************************************************** 590541
[M::ha_hist_line]    23: ************************************************************************************************ 632245
[M::ha_hist_line]    24: *************************************************************************************************** 651854
[M::ha_hist_line]    25: **************************************************************************************************** 660040
[M::ha_hist_line]    26: ************************************************************************************************** 645057
[M::ha_hist_line]    27: ******************************************************************************************** 606224
[M::ha_hist_line]    28: ************************************************************************************* 559403
[M::ha_hist_line]    29: **************************************************************************** 499257
[M::ha_hist_line]    30: ****************************************************************** 437983
[M::ha_hist_line]    31: ******************************************************** 372925
[M::ha_hist_line]    32: *********************************************** 309249
[M::ha_hist_line]    33: *************************************** 254716
[M::ha_hist_line]    34: ******************************* 207109
[M::ha_hist_line]    35: ************************** 168865
[M::ha_hist_line]    36: ********************* 139179
[M::ha_hist_line]    37: ****************** 117068
[M::ha_hist_line]    38: **************** 103320
[M::ha_hist_line]    39: ************** 94698
[M::ha_hist_line]    40: ************** 92773
[M::ha_hist_line]    41: *************** 97464
[M::ha_hist_line]    42: **************** 103229
[M::ha_hist_line]    43: ***************** 109166
[M::ha_hist_line]    44: ****************** 117760
[M::ha_hist_line]    45: ******************* 128500
[M::ha_hist_line]    46: ********************* 136426
[M::ha_hist_line]    47: ********************** 144862
[M::ha_hist_line]    48: *********************** 151005
[M::ha_hist_line]    49: ************************ 157180
[M::ha_hist_line]    50: ************************ 160696
[M::ha_hist_line]    51: ************************* 161776
[M::ha_hist_line]    52: ************************ 159627
[M::ha_hist_line]    53: ************************ 155416
[M::ha_hist_line]    54: ********************** 148385
[M::ha_hist_line]    55: ********************* 141335
[M::ha_hist_line]    56: ******************** 131532
[M::ha_hist_line]    57: ******************* 123611
[M::ha_hist_line]    58: ***************** 112141
[M::ha_hist_line]    59: *************** 101041
[M::ha_hist_line]    60: ************** 90432
[M::ha_hist_line]    61: ************ 78608
[M::ha_hist_line]    62: ********** 68577
[M::ha_hist_line]    63: ********* 59802
[M::ha_hist_line]    64: ******** 50485
[M::ha_hist_line]    65: ******* 43067
[M::ha_hist_line]    66: ***** 35375
[M::ha_hist_line]    67: ***** 29917
[M::ha_hist_line]    68: **** 25135
[M::ha_hist_line]    69: *** 20758
[M::ha_hist_line]    70: *** 17847
[M::ha_hist_line]    71: ** 15064
[M::ha_hist_line]    72: ** 12842
[M::ha_hist_line]    73: ** 10875
[M::ha_hist_line]    74: * 9544
[M::ha_hist_line]    75: * 8615
[M::ha_hist_line]    76: * 7568
[M::ha_hist_line]    77: * 6915
[M::ha_hist_line]    78: * 6359
[M::ha_hist_line]    79: * 6003
[M::ha_hist_line]    80: * 5466
[M::ha_hist_line]    81: * 5127
[M::ha_hist_line]    82: * 4861
[M::ha_hist_line]    83: * 4977
[M::ha_hist_line]    84: * 4493
[M::ha_hist_line]    85: * 4225
[M::ha_hist_line]    86: * 3979
[M::ha_hist_line]    87: * 3928
[M::ha_hist_line]    88: * 3637
[M::ha_hist_line]    89: * 3591
[M::ha_hist_line]    90: * 3494
[M::ha_hist_line]    91: * 3502
[M::ha_hist_line]  rest: ********************************** 221707
[M::ha_analyze_count] left: none
[M::ha_analyze_count] right: count[51] = 161776
[M::ha_pt_gen] peak_hom: 51; peak_het: 25
[M::ha_ct_shrink::3064.710*24.16] ==> counted 13073307 distinct minimizer k-mers
[M::ha_pt_gen::] counting in normal mode
[M::yak_count] collected 451826628 minimizers
[M::ha_pt_gen::3099.073*24.09] ==> indexed 451221714 positions, counted 13073307 distinct minimizer k-mers
[M::ha_assemble::3277.115*24.41@22.357GB] ==> found overlaps for the final round
[M::ha_print_ovlp_stat] # overlaps: 109457745
[M::ha_print_ovlp_stat] # strong overlaps: 57738950
[M::ha_print_ovlp_stat] # weak overlaps: 51718795
[M::ha_print_ovlp_stat] # exact overlaps: 106255429
[M::ha_print_ovlp_stat] # inexact overlaps: 3202316
[M::ha_print_ovlp_stat] # overlaps without large indels: 109230481
[M::ha_print_ovlp_stat] # reverse overlaps: 31828981
[M::ha_opt_update_cov_min] updated max_n_chain to 255
Writing reads to disk... 
Reads has been written.
Writing ma_hit_ts to disk... 
ma_hit_ts has been written.
Writing ma_hit_ts to disk... 
ma_hit_ts has been written.
bin files have been written.
[M::purge_dups] homozygous read coverage threshold: 50
[M::purge_dups] purge duplication coverage threshold: 63
Writing raw unitig GFA to disk... 
[M::ug_ext_gfa::] # tips::134
Writing processed unitig GFA to disk... 
[M::purge_dups] homozygous read coverage threshold: 50
[M::purge_dups] purge duplication coverage threshold: 63
[M::mc_solve:: # edges: 1776]
[M::mc_solve_core_adv::0.120] ==> Partition
[M::adjust_utg_by_primary] primary contig coverage range: [42, infinity]
Writing /faststorage/project/EcoGenetics/people/Jeppe_Bayer/genome_assembly_and_annotation/steps/museomics/Gonepteryx_rhamni/draft_assembly/hifiasm/GonRha.asm.hic.p_ctg.gfa to disk... 
[M::ha_opt_update_cov] updated max_n_chain to 255
[M::gen_trans_base_count_comp::68.742] ==> Qualification
[M::build_unitig_index::8.479] ==> Counting
[M::build_unitig_index::5.614] ==> Memory allocating
[M::build_unitig_index::9.500] ==> Filling pos
[M::build_unitig_index::0.144] ==> Sorting pos
[M::build_unitig_index::23.743] ==> HiC index has been built
[M::write_hc_pt_index] Index has been written.
[M::alignment_worker_pipeline::2623.877] ==> Qualification
[M::dedup_hits::8.146] ==> Dedup
[M::dedup_hits::4.586] ==> Dedup
[M::stat] # misjoined unitigs: 2 (N50: 1085452); # corrected unitigs: 4 (N50: 852961)
[M::adjust_weight_kv_u_trans_advance::12.220] 
[M::mc_solve:: # edges: 304202]
[M::mb_solve_core::0.677] ==> Partition
[M::mc_solve_core_adv::1.004] ==> Partition
[M::adjust_weight_kv_u_trans_advance::477.533] 
[M::mc_solve:: # edges: 305592]
[M::mb_solve_core::0.650] ==> Partition
[M::mc_solve_core_adv::0.969] ==> Partition
[M::adjust_weight_kv_u_trans_advance::477.498] 
[M::mc_solve:: # edges: 305568]
[M::mb_solve_core::0.641] ==> Partition
[M::mc_solve_core_adv::0.959] ==> Partition
[M::stat] # heterozygous bases: 648733189; # homozygous bases: 1557584
[M::reduce_hamming_error_adv::0.049] # inserted edges: 0, # fixed bubbles: 0
[M::adjust_utg_by_trio] primary contig coverage range: [42, infinity]
Writing /faststorage/project/EcoGenetics/people/Jeppe_Bayer/genome_assembly_and_annotation/steps/museomics/Gonepteryx_rhamni/draft_assembly/hifiasm/GonRha.asm.hic.hap1.p_ctg.gfa to disk... 
[M::adjust_utg_by_trio] primary contig coverage range: [42, infinity]
Writing /faststorage/project/EcoGenetics/people/Jeppe_Bayer/genome_assembly_and_annotation/steps/museomics/Gonepteryx_rhamni/draft_assembly/hifiasm/GonRha.asm.hic.hap2.p_ctg.gfa to disk... 
Inconsistency threshold for low-quality regions in BED files: 70%
[M::main] Version: 0.18.9-r527
[M::main] CMD: hifiasm -t 30 -o /faststorage/project/EcoGenetics/people/Jeppe_Bayer/genome_assembly_and_annotation/steps/museomics/Gonepteryx_rhamni/draft_assembly/hifiasm/GonRha.asm -l 3 -s 0.1 --h1 /faststorage/project/EcoGenetics/BACKUP/HiC/GonRha/Gon_Rha_L1_1.fq.gz --h2 /faststorage/project/EcoGenetics/BACKUP/HiC/GonRha/Gon_Rha_L1_2.fq.gz /faststorage/project/EcoGenetics/BACKUP/PacBio_HiFi/Gonepteryx_rhamni/HiFiAdapterFilt/GonRha_HMW1_m64101e_231223_171722.bc1011--bc1011.hifi_reads.filt.fastq.gz
[M::main] Real time: 7999.689 sec; CPU: 93300.267 sec; Peak RSS: 36.464 GB
